c:\users\calistro vieyra\desktop\project_3\project_3\project_3\project_3\debug\project_3.pch
c:\users\calistro vieyra\desktop\project_3\project_3\project_3\project_3\debug\vc141.pdb
c:\users\calistro vieyra\desktop\project_3\project_3\project_3\project_3\debug\vc141.idb
c:\users\calistro vieyra\desktop\project_3\project_3\project_3\project_3\debug\pch.obj
c:\users\calistro vieyra\desktop\project_3\project_3\project_3\project_3\debug\welcome.obj
c:\users\calistro vieyra\desktop\project_3\project_3\project_3\project_3\debug\team2.obj
c:\users\calistro vieyra\desktop\project_3\project_3\project_3\project_3\debug\team1.obj
c:\users\calistro vieyra\desktop\project_3\project_3\project_3\project_3\debug\project_3.obj
c:\users\calistro vieyra\desktop\project_3\project_3\project_3\project_3\debug\gameover.obj
c:\users\calistro vieyra\desktop\project_3\project_3\project_3\project_3\debug\game.obj
c:\users\calistro vieyra\desktop\project_3\project_3\project_3\project_3\debug\battlefield.obj
c:\users\calistro vieyra\desktop\project_3\project_3\debug\project_3.pch
c:\users\calistro vieyra\desktop\project_3\project_3\debug\vc141.pdb
c:\users\calistro vieyra\desktop\project_3\project_3\debug\vc141.idb
c:\users\calistro vieyra\desktop\project_3\project_3\debug\pch.obj
c:\users\calistro vieyra\desktop\project_3\project_3\debug\team2.obj
c:\users\calistro vieyra\desktop\project_3\project_3\debug\team1.obj
c:\users\calistro vieyra\desktop\project_3\project_3\project_3\debug\project_3.ilk
c:\users\calistro vieyra\desktop\project_3\project_3\project_3\debug\project_3.exe
c:\users\calistro vieyra\desktop\project_3\project_3\project_3\debug\project_3.pdb
c:\users\calistro vieyra\desktop\project_3\project_3\debug\battlefield.obj
c:\users\calistro vieyra\desktop\project_3\project_3\debug\game.obj
c:\users\calistro vieyra\desktop\project_3\project_3\debug\gameover.obj
c:\users\calistro vieyra\desktop\project_3\project_3\debug\project_3.obj
c:\users\calistro vieyra\desktop\project_3\project_3\debug\welcome.obj
c:\users\calistro vieyra\desktop\project_3\debug\project_3.pdb
c:\users\calistro vieyra\desktop\project_3\debug\project_3.exe
c:\users\calistro vieyra\desktop\project_3\debug\project_3.ilk
c:\users\calistro vieyra\desktop\project_3\project_3\debug\project_3.tlog\cl.command.1.tlog
c:\users\calistro vieyra\desktop\project_3\project_3\debug\project_3.tlog\cl.read.1.tlog
c:\users\calistro vieyra\desktop\project_3\project_3\debug\project_3.tlog\cl.write.1.tlog
c:\users\calistro vieyra\desktop\project_3\project_3\debug\project_3.tlog\link.command.1.tlog
c:\users\calistro vieyra\desktop\project_3\project_3\debug\project_3.tlog\link.read.1.tlog
c:\users\calistro vieyra\desktop\project_3\project_3\debug\project_3.tlog\link.write.1.tlog
